2021-10-09 13:31:28,257:INFO:discord: STARTING SESSION.
2021-10-09 13:31:34,023:INFO:discord: STARTING SESSION.
2021-10-09 13:33:46,488:INFO:discord: STARTING SESSION.
2021-10-09 13:33:46,489:INFO:discord.client: logging in using static token
2021-10-09 13:33:46,773:DEBUG:discord.http: GET https://discord.com/api/v7/users/@me with None has returned 200
2021-10-09 13:33:46,773:DEBUG:discord.http: GET https://discord.com/api/v7/users/@me has received {'id': '891184035005612043', 'username': 'BernieBot', 'avatar': '8b2d428906bcb9d6889a71f2081cc964', 'discriminator': '7836', 'public_flags': 0, 'flags': 0, 'bot': True, 'banner': None, 'banner_color': None, 'accent_color': None, 'bio': '', 'locale': 'en-US', 'mfa_enabled': False, 'email': None, 'verified': True}
2021-10-09 13:33:46,791:DEBUG:discord.http: GET https://discord.com/api/v7/gateway with None has returned 200
2021-10-09 13:33:46,793:DEBUG:discord.http: GET https://discord.com/api/v7/gateway has received {'url': 'wss://gateway.discord.gg'}
2021-10-09 13:33:47,060:DEBUG:discord.gateway: Created websocket connected to wss://gateway.discord.gg?encoding=json&v=6&compress=zlib-stream
2021-10-09 13:33:47,061:DEBUG:discord.client: Dispatching event socket_raw_receive
2021-10-09 13:33:47,061:DEBUG:discord.gateway: For Shard ID None: WebSocket Event: {'t': None, 's': None, 'op': 10, 'd': {'heartbeat_interval': 41250, '_trace': ['["gateway-prd-main-x6vk",{"micros":0.0}]']}}
2021-10-09 13:33:47,061:DEBUG:discord.client: Dispatching event socket_response
2021-10-09 13:33:47,062:DEBUG:discord.client: Dispatching event socket_raw_send
2021-10-09 13:33:47,063:DEBUG:discord.client: Dispatching event socket_raw_send
2021-10-09 13:33:47,063:INFO:discord.gateway: Shard ID None has sent the IDENTIFY payload.
2021-10-09 13:33:47,273:DEBUG:discord.client: Dispatching event socket_raw_receive
2021-10-09 13:33:47,273:DEBUG:discord.gateway: For Shard ID None: WebSocket Event: {'t': None, 's': None, 'op': 11, 'd': None}
2021-10-09 13:33:47,274:DEBUG:discord.client: Dispatching event socket_response
2021-10-09 13:33:47,359:DEBUG:discord.client: Dispatching event socket_raw_receive
2021-10-09 13:33:47,360:DEBUG:discord.gateway: For Shard ID None: WebSocket Event: {'t': 'READY', 's': 1, 'op': 0, 'd': {'v': 6, 'user_settings': {}, 'user': {'verified': True, 'username': 'BernieBot', 'mfa_enabled': False, 'id': '891184035005612043', 'flags': 0, 'email': None, 'discriminator': '7836', 'bot': True, 'avatar': '8b2d428906bcb9d6889a71f2081cc964'}, 'session_id': '80743ea3bf8eaa348ff54d9ef478fd28', 'relationships': [], 'private_channels': [], 'presences': [], 'guilds': [{'unavailable': True, 'id': '888934331286970418'}], 'guild_join_requests': [], 'geo_ordered_rtc_regions': ['sydney', 'singapore', 'hongkong', 'japan', 'india'], 'application': {'id': '891184035005612043', 'flags': 262144}, '_trace': ['["gateway-prd-main-x6vk",{"micros":85522,"calls":["discord-sessions-blue-prd-2-93",{"micros":84766,"calls":["start_session",{"micros":63961,"calls":["api-prd-main-g4xg",{"micros":60886,"calls":["get_user",{"micros":4408},"add_authorized_ip",{"micros":6594},"get_guilds",{"micros":12056},"coros_wait",{"micros":1}]}]},"guilds_connect",{"micros":2,"calls":[]},"presence_connect",{"micros":20177,"calls":[]}]}]}]']}}
2021-10-09 13:33:47,360:DEBUG:discord.client: Dispatching event socket_response
2021-10-09 13:33:47,360:INFO:discord.gateway: Shard ID None has connected to Gateway: ["gateway-prd-main-x6vk",{"micros":85522,"calls":["discord-sessions-blue-prd-2-93",{"micros":84766,"calls":["start_session",{"micros":63961,"calls":["api-prd-main-g4xg",{"micros":60886,"calls":["get_user",{"micros":4408},"add_authorized_ip",{"micros":6594},"get_guilds",{"micros":12056},"coros_wait",{"micros":1}]}]},"guilds_connect",{"micros":2,"calls":[]},"presence_connect",{"micros":20177,"calls":[]}]}]}] (Session ID: 80743ea3bf8eaa348ff54d9ef478fd28).
2021-10-09 13:33:47,371:DEBUG:discord.client: Dispatching event connect
2021-10-09 13:33:47,372:DEBUG:discord.client: Dispatching event socket_raw_receive
2021-10-09 13:33:47,372:DEBUG:discord.gateway: For Shard ID None: WebSocket Event: {'t': 'GUILD_CREATE', 's': 2, 'op': 0, 'd': {'system_channel_id': '888934331286970420', 'roles': [{'unicode_emoji': None, 'position': 0, 'permissions_new': '1071698660929', 'permissions': 104320577, 'name': '@everyone', 'mentionable': False, 'managed': False, 'id': '888934331286970418', 'icon': None, 'hoist': False, 'color': 0}, {'unicode_emoji': None, 'position': 3, 'permissions_new': '523985485815', 'permissions': 2146959351, 'name': 'Ivermectin user', 'mentionable': False, 'managed': False, 'id': '889048145655398410', 'icon': None, 'hoist': True, 'color': 3447003}, {'unicode_emoji': None, 'tags': {'bot_id': '891178933263945768'}, 'position': 2, 'permissions_new': '67648', 'permissions': 67648, 'name': 'Bots', 'mentionable': False, 'managed': True, 'id': '891182349461639169', 'icon': None, 'hoist': False, 'color': 0}, {'unicode_emoji': None, 'position': 1, 'permissions_new': '1071698660929', 'permissions': 104320577, 'name': 'PoliticalBots', 'mentionable': False, 'managed': False, 'id': '891182578340601856', 'icon': None, 'hoist': True, 'color': 15158332}, {'unicode_emoji': None, 'tags': {'bot_id': '891184035005612043'}, 'position': 1, 'permissions_new': '67648', 'permissions': 67648, 'name': 'Left', 'mentionable': False, 'managed': True, 'id': '891184701191102495', 'icon': None, 'hoist': False, 'color': 0}], 'name': 'AOC clan', 'max_members': 250000, 'embedded_activities': [], 'icon': '96c8cb5b90df7db62b7b544c3c67def2', 'description': None, 'public_updates_channel_id': None, 'voice_states': [], 'channels': [{'type': 4, 'position': 0, 'permission_overwrites': [], 'name': 'Text channels', 'id': '888934331286970419'}, {'type': 0, 'topic': None, 'rate_limit_per_user': 0, 'position': 0, 'permission_overwrites': [], 'parent_id': '888934331286970419', 'name': 'general', 'last_message_id': '896195441690046464', 'id': '888934331286970420'}, {'type': 0, 'topic': None, 'rate_limit_per_user': 0, 'position': 1, 'permission_overwrites': [], 'parent_id': '888934331286970419', 'name': 'politics', 'last_message_id': '895257525950222346', 'id': '888934331286970421'}, {'type': 4, 'position': 1, 'permission_overwrites': [], 'name': 'Voice channels', 'id': '888934331286970422'}, {'user_limit': 0, 'type': 2, 'rtc_region': None, 'rate_limit_per_user': 0, 'position': 0, 'permission_overwrites': [], 'parent_id': '888934331286970422', 'name': 'Lobby', 'last_message_id': None, 'id': '888934331286970423', 'bitrate': 64000}, {'user_limit': 0, 'type': 2, 'rtc_region': None, 'rate_limit_per_user': 0, 'position': 1, 'permission_overwrites': [], 'parent_id': '888934331286970422', 'name': 'Gaming', 'last_message_id': None, 'id': '888934331286970424', 'bitrate': 64000}, {'type': 0, 'topic': None, 'rate_limit_per_user': 0, 'position': 2, 'permission_overwrites': [], 'parent_id': '888934331286970419', 'name': 'esports', 'last_message_id': '893512632471019550', 'id': '889048483066175518'}, {'type': 0, 'topic': None, 'rate_limit_per_user': 0, 'position': 4, 'permission_overwrites': [], 'parent_id': '888934331286970419', 'name': 'normy-sports', 'last_message_id': '890496556875255819', 'id': '889048514166923305'}, {'type': 0, 'topic': None, 'rate_limit_per_user': 0, 'position': 5, 'permission_overwrites': [], 'parent_id': '888934331286970419', 'name': 'memes', 'last_message_id': None, 'id': '889048571591159808'}, {'type': 0, 'topic': None, 'rate_limit_per_user': 0, 'position': 3, 'permission_overwrites': [], 'parent_id': '888934331286970419', 'name': 'techno', 'last_message_id': '893418311033958421', 'id': '889140518062276608'}, {'type': 0, 'topic': None, 'rate_limit_per_user': 0, 'position': 7, 'permission_overwrites': [{'type': 'role', 'id': '891182578340601856', 'deny_new': '0', 'deny': 0, 'allow_new': '0', 'allow': 0}], 'parent_id': '888934331286970419', 'name': 'safespotforbots', 'last_message_id': '891497028251697203', 'id': '891180789608366142'}, {'type': 0, 'topic': None, 'rate_limit_per_user': 0, 'position': 6, 'permission_overwrites': [], 'parent_id': '888934331286970419', 'name': 'fav-streams', 'last_message_id': '891205884703834142', 'id': '891205861903597598'}, {'type': 0, 'topic': None, 'rate_limit_per_user': 0, 'position': 8, 'permission_overwrites': [], 'parent_id': '888934331286970419', 'name': 'ascii-art-for-twitch-copy-pasta', 'last_message_id': '895947891158442015', 'id': '893037413688045599'}, {'type': 0, 'topic': None, 'rate_limit_per_user': 0, 'position': 9, 'permission_overwrites': [], 'parent_id': '888934331286970419', 'name': 'programming', 'last_message_id': '895947220342423594', 'id': '895293353585942578'}], 'application_id': None, 'joined_at': '2021-09-25T04:49:50.225000+00:00', 'max_video_channel_users': 25, 'stage_instances': [], 'premium_progress_bar_enabled': False, 'default_message_notifications': 0, 'guild_hashes': {'version': 1, 'roles': {'omitted': False, 'hash': 'z4Y1rAK9atY'}, 'metadata': {'omitted': False, 'hash': 'REMJLJMIwfo'}, 'channels': {'omitted': False, 'hash': 'a1AaicvCQQY'}}, 'stickers': [], 'nsfw': False, 'premium_tier': 0, 'guild_scheduled_events': [], 'explicit_content_filter': 0, 'banner': None, 'member_count': 4, 'emojis': [], 'afk_timeout': 300, 'region': 'sydney', 'large': False, 'discovery_splash': None, 'threads': [], 'verification_level': 0, 'members': [{'user': {'username': 'BernieBot', 'id': '891184035005612043', 'discriminator': '7836', 'bot': True, 'avatar': '8b2d428906bcb9d6889a71f2081cc964'}, 'roles': ['891182578340601856', '891184701191102495'], 'mute': False, 'joined_at': '2021-09-25T04:49:50.225000+00:00', 'hoisted_role': '891182578340601856', 'deaf': False}], 'mfa_level': 0, 'premium_subscription_count': 0, 'application_command_count': 0, 'vanity_url_code': None, 'nsfw_level': 0, 'id': '888934331286970418', 'unavailable': False, 'afk_channel_id': None, 'rules_channel_id': None, 'splash': None, 'lazy': True, 'owner_id': '357345354166829056', 'features': [], 'preferred_locale': 'en-US', 'system_channel_flags': 0, 'application_command_counts': {'3': 0, '2': 0, '1': 0}, 'presences': []}}
2021-10-09 13:33:47,372:DEBUG:discord.client: Dispatching event socket_response
2021-10-09 13:33:47,373:DEBUG:discord.client: Dispatching event guild_available
2021-10-09 13:33:49,375:DEBUG:discord.client: Dispatching event ready
2021-10-09 13:33:49,375:INFO:discord: CONNECTED.
2021-10-09 13:34:10,524:DEBUG:discord.client: Dispatching event socket_raw_receive
2021-10-09 13:34:10,524:DEBUG:discord.gateway: For Shard ID None: WebSocket Event: {'t': 'TYPING_START', 's': 3, 'op': 0, 'd': {'user_id': '165483715131211776', 'timestamp': 1633746850, 'member': {'user': {'username': 'extracheez', 'id': '165483715131211776', 'discriminator': '8744', 'avatar': None}, 'roles': ['889048145655398410'], 'mute': False, 'joined_at': '2021-09-19T06:55:48.950000+00:00', 'hoisted_role': '889048145655398410', 'deaf': False}, 'channel_id': '891180789608366142', 'guild_id': '888934331286970418'}}
2021-10-09 13:34:10,525:DEBUG:discord.client: Dispatching event socket_response
2021-10-09 13:34:10,525:DEBUG:discord.client: Dispatching event typing
2021-10-09 13:34:15,454:DEBUG:discord.client: Dispatching event socket_raw_receive
2021-10-09 13:34:15,454:DEBUG:discord.gateway: For Shard ID None: WebSocket Event: {'t': 'MESSAGE_CREATE', 's': 4, 'op': 0, 'd': {'type': 0, 'tts': False, 'timestamp': '2021-10-09T02:34:15.332000+00:00', 'referenced_message': None, 'pinned': False, 'nonce': '896224010658906112', 'mentions': [{'username': 'BernieBot', 'public_flags': 0, 'member': {'roles': ['891182578340601856', '891184701191102495'], 'mute': False, 'joined_at': '2021-09-25T04:49:50.225000+00:00', 'hoisted_role': '891182578340601856', 'deaf': False}, 'id': '891184035005612043', 'discriminator': '7836', 'bot': True, 'avatar': '8b2d428906bcb9d6889a71f2081cc964'}], 'mention_roles': [], 'mention_everyone': False, 'member': {'roles': ['889048145655398410'], 'mute': False, 'joined_at': '2021-09-19T06:55:48.950000+00:00', 'hoisted_role': '889048145655398410', 'deaf': False}, 'id': '896224011304972349', 'flags': 0, 'embeds': [], 'edited_timestamp': None, 'content': 'welcome back <@!891184035005612043>', 'components': [], 'channel_id': '891180789608366142', 'author': {'username': 'extracheez', 'public_flags': 0, 'id': '165483715131211776', 'discriminator': '8744', 'avatar': None}, 'attachments': [], 'guild_id': '888934331286970418'}}
2021-10-09 13:34:15,454:DEBUG:discord.client: Dispatching event socket_response
2021-10-09 13:34:15,455:DEBUG:discord.client: Dispatching event message
2021-10-09 13:34:28,313:DEBUG:discord.gateway: Keeping shard ID None websocket alive with sequence 4.
2021-10-09 13:34:28,525:DEBUG:discord.client: Dispatching event socket_raw_receive
2021-10-09 13:34:28,526:DEBUG:discord.gateway: For Shard ID None: WebSocket Event: {'t': None, 's': None, 'op': 11, 'd': None}
2021-10-09 13:34:28,526:DEBUG:discord.client: Dispatching event socket_response
2021-10-09 13:35:09,564:DEBUG:discord.gateway: Keeping shard ID None websocket alive with sequence 4.
2021-10-09 13:35:09,779:DEBUG:discord.client: Dispatching event socket_raw_receive
2021-10-09 13:35:09,779:DEBUG:discord.gateway: For Shard ID None: WebSocket Event: {'t': None, 's': None, 'op': 11, 'd': None}
2021-10-09 13:35:09,780:DEBUG:discord.client: Dispatching event socket_response
2021-10-09 13:35:21,279:INFO:discord.client: Cleaning up tasks.
2021-10-09 13:35:21,279:INFO:discord.client: Cleaning up after 1 tasks.
2021-10-09 13:35:21,279:INFO:discord.client: All tasks finished cancelling.
2021-10-09 13:35:21,279:INFO:discord.client: Closing the event loop.
